  DrawPixel.cpp
  Matrix.cpp
c:\users\public\documents\visual studio\intro computo gráfico\drawpixel\drawpixel\matrix.cpp(11): warning C4018: '<': no coinciden signed/unsigned
c:\users\public\documents\visual studio\intro computo gráfico\drawpixel\drawpixel\matrix.cpp(21): warning C4018: '<': no coinciden signed/unsigned
c:\users\public\documents\visual studio\intro computo gráfico\drawpixel\drawpixel\matrix.cpp(86): warning C4018: '<': no coinciden signed/unsigned
c:\users\public\documents\visual studio\intro computo gráfico\drawpixel\drawpixel\matrix.cpp(87): warning C4018: '<': no coinciden signed/unsigned
c:\users\public\documents\visual studio\intro computo gráfico\drawpixel\drawpixel\matrix.cpp(99): warning C4018: '<': no coinciden signed/unsigned
c:\users\public\documents\visual studio\intro computo gráfico\drawpixel\drawpixel\matrix.cpp(100): warning C4018: '<': no coinciden signed/unsigned
c:\users\public\documents\visual studio\intro computo gráfico\drawpixel\drawpixel\matrix.cpp(112): warning C4018: '<': no coinciden signed/unsigned
c:\users\public\documents\visual studio\intro computo gráfico\drawpixel\drawpixel\matrix.cpp(113): warning C4018: '<': no coinciden signed/unsigned
c:\users\public\documents\visual studio\intro computo gráfico\drawpixel\drawpixel\matrix.cpp(118): warning C4018: '<': no coinciden signed/unsigned
c:\users\public\documents\visual studio\intro computo gráfico\drawpixel\drawpixel\matrix.cpp(119): warning C4018: '<': no coinciden signed/unsigned
c:\users\public\documents\visual studio\intro computo gráfico\drawpixel\drawpixel\matrix.cpp(120): warning C4018: '<': no coinciden signed/unsigned
c:\users\public\documents\visual studio\intro computo gráfico\drawpixel\drawpixel\matrix.cpp(132): warning C4018: '<': no coinciden signed/unsigned
c:\users\public\documents\visual studio\intro computo gráfico\drawpixel\drawpixel\matrix.cpp(133): warning C4018: '<': no coinciden signed/unsigned
c:\users\public\documents\visual studio\intro computo gráfico\drawpixel\drawpixel\matrix.cpp(144): warning C4018: '<': no coinciden signed/unsigned
c:\users\public\documents\visual studio\intro computo gráfico\drawpixel\drawpixel\matrix.cpp(145): warning C4018: '<': no coinciden signed/unsigned
c:\users\public\documents\visual studio\intro computo gráfico\drawpixel\drawpixel\matrix.cpp(162): warning C4018: '<': no coinciden signed/unsigned
c:\users\public\documents\visual studio\intro computo gráfico\drawpixel\drawpixel\matrix.cpp(163): warning C4018: '<': no coinciden signed/unsigned
c:\users\public\documents\visual studio\intro computo gráfico\drawpixel\drawpixel\matrix.cpp(188): warning C4018: '<': no coinciden signed/unsigned
c:\users\public\documents\visual studio\intro computo gráfico\drawpixel\drawpixel\matrix.cpp(189): warning C4018: '<': no coinciden signed/unsigned
c:\users\public\documents\visual studio\intro computo gráfico\drawpixel\drawpixel\matrix.cpp(216): warning C4018: '<': no coinciden signed/unsigned
c:\users\public\documents\visual studio\intro computo gráfico\drawpixel\drawpixel\matrix.cpp(217): warning C4018: '<': no coinciden signed/unsigned
c:\users\public\documents\visual studio\intro computo gráfico\drawpixel\drawpixel\matrix.cpp(228): warning C4018: '<': no coinciden signed/unsigned
c:\users\public\documents\visual studio\intro computo gráfico\drawpixel\drawpixel\matrix.cpp(229): warning C4018: '<': no coinciden signed/unsigned
c:\users\public\documents\visual studio\intro computo gráfico\drawpixel\drawpixel\matrix.cpp(241): warning C4018: '<': no coinciden signed/unsigned
c:\users\public\documents\visual studio\intro computo gráfico\drawpixel\drawpixel\matrix.cpp(242): warning C4018: '<': no coinciden signed/unsigned
c:\users\public\documents\visual studio\intro computo gráfico\drawpixel\drawpixel\matrix.cpp(253): warning C4018: '<': no coinciden signed/unsigned
c:\users\public\documents\visual studio\intro computo gráfico\drawpixel\drawpixel\matrix.cpp(254): warning C4018: '<': no coinciden signed/unsigned
c:\users\public\documents\visual studio\intro computo gráfico\drawpixel\drawpixel\matrix.cpp(275): warning C4018: '<': no coinciden signed/unsigned
c:\users\public\documents\visual studio\intro computo gráfico\drawpixel\drawpixel\matrix.cpp(276): warning C4018: '<': no coinciden signed/unsigned
c:\users\public\documents\visual studio\intro computo gráfico\drawpixel\drawpixel\matrix.cpp(286): warning C4018: '<': no coinciden signed/unsigned
c:\users\public\documents\visual studio\intro computo gráfico\drawpixel\drawpixel\matrix.cpp(287): warning C4018: '<': no coinciden signed/unsigned
c:\users\public\documents\visual studio\intro computo gráfico\drawpixel\drawpixel\matrix.cpp(289): warning C4244: '=': conversión de 'int' a '_Ty'; posible pérdida de datos
          with
          [
              _Ty=float
          ]
  Generando código...
  DrawPixel.vcxproj -> C:\Users\Public\Documents\Visual Studio\Intro Computo Gráfico\DrawPixel\Debug\DrawPixel.exe
